# JRE version: OpenJDK Runtime Environment Temurin-21.0.5+11 (21.0.5+11) (build 21.0.5+11-LTS)
# Java VM: OpenJDK 64-Bit Server VM Temurin-21.0.5+11 (21.0.5+11-LTS, mixed mode, sharing, tiered, compressed oops, compressed class ptrs, g1 gc, windows-amd64)
GC Precious Log:
 CardTable entry size: 512
 Card Set container configuration: InlinePtr #cards 5 size 8 Array Of Cards #cards 12 size 40 Howl #buckets 4 coarsen threshold 1843 Howl Bitmap #cards 512 size 80 coarsen threshold 460 Card regions per heap region 1 cards per card region 2048
 CPUs: 12 total, 12 available
 Memory: 16157M
 Large Page Support: Disabled
 NUMA Support: Disabled
 Compressed Oops: Enabled (32-bit)
 Heap Region Size: 1M
 Heap Min Capacity: 256M
 Heap Initial Capacity: 256M
 Heap Max Capacity: 512M
 Pre-touch: Disabled
 Parallel Workers: 10
 Concurrent Workers: 3
 Concurrent Refinement Workers: 10
 Periodic GC: Disabled
Heap:
 garbage-first heap   total 262144K, used 204095K [0x00000000e0000000, 0x0000000100000000)
  region size 1024K, 140 young (143360K), 20 survivors (20480K)
 Metaspace       used 71127K, committed 73344K, reserved 393216K
  class space    used 9724K, committed 10816K, reserved 327680K
GC Heap History (20 events):
Event: 6.444 GC heap before
{Heap before GC invocations=7 (full 0):
 garbage-first heap   total 262144K, used 171406K [0x00000000e0000000, 0x0000000100000000)
  region size 1024K, 153 young (156672K), 19 survivors (19456K)
 Metaspace       used 48077K, committed 49792K, reserved 393216K
  class space    used 6823K, committed 7680K, reserved 327680K
}
Event: 6.452 GC heap after
{Heap after GC invocations=8 (full 0):
 garbage-first heap   total 262144K, used 39473K [0x00000000e0000000, 0x0000000100000000)
  region size 1024K, 16 young (16384K), 16 survivors (16384K)
 Metaspace       used 48077K, committed 49792K, reserved 393216K
  class space    used 6823K, committed 7680K, reserved 327680K
}
Event: 7.937 GC heap before
{Heap before GC invocations=8 (full 0):
 garbage-first heap   total 262144K, used 146993K [0x00000000e0000000, 0x0000000100000000)
  region size 1024K, 122 young (124928K), 16 survivors (16384K)
 Metaspace       used 58168K, committed 60096K, reserved 393216K
  class space    used 8294K, committed 9280K, reserved 327680K
}
Event: 7.945 GC heap after
{Heap after GC invocations=9 (full 0):
 garbage-first heap   total 262144K, used 46080K [0x00000000e0000000, 0x0000000100000000)
  region size 1024K, 14 young (14336K), 14 survivors (14336K)
 Metaspace       used 58168K, committed 60096K, reserved 393216K
  class space    used 8294K, committed 9280K, reserved 327680K
}
Event: 7.959 GC heap before
{Heap before GC invocations=9 (full 0):
 garbage-first heap   total 262144K, used 48128K [0x00000000e0000000, 0x0000000100000000)
  region size 1024K, 17 young (17408K), 14 survivors (14336K)
 Metaspace       used 58455K, committed 60416K, reserved 393216K
  class space    used 8327K, committed 9344K, reserved 327680K
}
Event: 7.964 GC heap after
{Heap after GC invocations=10 (full 0):
 garbage-first heap   total 262144K, used 47244K [0x00000000e0000000, 0x0000000100000000)
  region size 1024K, 9 young (9216K), 9 survivors (9216K)
 Metaspace       used 58455K, committed 60416K, reserved 393216K
  class space    used 8327K, committed 9344K, reserved 327680K
}
Event: 11.356 GC heap before
{Heap before GC invocations=11 (full 0):
 garbage-first heap   total 262144K, used 193676K [0x00000000e0000000, 0x0000000100000000)
  region size 1024K, 153 young (156672K), 9 survivors (9216K)
 Metaspace       used 65588K, committed 67648K, reserved 393216K
  class space    used 9179K, committed 10240K, reserved 327680K
}
Event: 11.364 GC heap after
{Heap after GC invocations=12 (full 0):
 garbage-first heap   total 262144K, used 58573K [0x00000000e0000000, 0x0000000100000000)
  region size 1024K, 20 young (20480K), 20 survivors (20480K)
 Metaspace       used 65588K, committed 67648K, reserved 393216K
  class space    used 9179K, committed 10240K, reserved 327680K
}
Event: 12.555 GC heap before
{Heap before GC invocations=12 (full 0):
 garbage-first heap   total 262144K, used 194765K [0x00000000e0000000, 0x0000000100000000)
  region size 1024K, 153 young (156672K), 20 survivors (20480K)
 Metaspace       used 66774K, committed 68992K, reserved 393216K
  class space    used 9266K, committed 10368K, reserved 327680K
}
Event: 12.564 GC heap after
{Heap after GC invocations=13 (full 0):
 garbage-first heap   total 262144K, used 59485K [0x00000000e0000000, 0x0000000100000000)
  region size 1024K, 4 young (4096K), 4 survivors (4096K)
 Metaspace       used 66774K, committed 68992K, reserved 393216K
  class space    used 9266K, committed 10368K, reserved 327680K
}
Event: 313.083 GC heap before
{Heap before GC invocations=13 (full 0):
 garbage-first heap   total 262144K, used 211037K [0x00000000e0000000, 0x0000000100000000)
  region size 1024K, 153 young (156672K), 4 survivors (4096K)
 Metaspace       used 69818K, committed 72000K, reserved 393216K
  class space    used 9703K, committed 10816K, reserved 327680K
}
Event: 313.134 GC heap after
{Heap after GC invocations=14 (full 0):
 garbage-first heap   total 262144K, used 69781K [0x00000000e0000000, 0x0000000100000000)
  region size 1024K, 14 young (14336K), 14 survivors (14336K)
 Metaspace       used 69818K, committed 72000K, reserved 393216K
  class space    used 9703K, committed 10816K, reserved 327680K
}
Event: 314.709 GC heap before
{Heap before GC invocations=14 (full 0):
 garbage-first heap   total 262144K, used 211093K [0x00000000e0000000, 0x0000000100000000)
  region size 1024K, 153 young (156672K), 14 survivors (14336K)
 Metaspace       used 70221K, committed 72448K, reserved 393216K
  class space    used 9714K, committed 10816K, reserved 327680K
}
Event: 314.715 GC heap after
{Heap after GC invocations=15 (full 0):
 garbage-first heap   total 262144K, used 63851K [0x00000000e0000000, 0x0000000100000000)
  region size 1024K, 2 young (2048K), 2 survivors (2048K)
 Metaspace       used 70221K, committed 72448K, reserved 393216K
  class space    used 9714K, committed 10816K, reserved 327680K
}
Event: 328.164 GC heap before
{Heap before GC invocations=15 (full 0):
 garbage-first heap   total 262144K, used 218475K [0x00000000e0000000, 0x0000000100000000)
  region size 1024K, 153 young (156672K), 2 survivors (2048K)
 Metaspace       used 70630K, committed 72832K, reserved 393216K
  class space    used 9718K, committed 10816K, reserved 327680K
}
Event: 328.174 GC heap after
{Heap after GC invocations=16 (full 0):
 garbage-first heap   total 262144K, used 76839K [0x00000000e0000000, 0x0000000100000000)
  region size 1024K, 15 young (15360K), 15 survivors (15360K)
 Metaspace       used 70630K, committed 72832K, reserved 393216K
  class space    used 9718K, committed 10816K, reserved 327680K
}
Event: 331.926 GC heap before
{Heap before GC invocations=16 (full 0):
 garbage-first heap   total 262144K, used 218151K [0x00000000e0000000, 0x0000000100000000)
  region size 1024K, 153 young (156672K), 15 survivors (15360K)
 Metaspace       used 70946K, committed 73152K, reserved 393216K
  class space    used 9721K, committed 10816K, reserved 327680K
}
Event: 331.934 GC heap after
{Heap after GC invocations=17 (full 0):
 garbage-first heap   total 262144K, used 67983K [0x00000000e0000000, 0x0000000100000000)
  region size 1024K, 5 young (5120K), 5 survivors (5120K)
 Metaspace       used 70946K, committed 73152K, reserved 393216K
  class space    used 9721K, committed 10816K, reserved 327680K
}
Event: 333.106 GC heap before
{Heap before GC invocations=17 (full 0):
 garbage-first heap   total 262144K, used 219535K [0x00000000e0000000, 0x0000000100000000)
  region size 1024K, 153 young (156672K), 5 survivors (5120K)
 Metaspace       used 71030K, committed 73216K, reserved 393216K
  class space    used 9723K, committed 10816K, reserved 327680K
}
Event: 333.124 GC heap after
{Heap after GC invocations=18 (full 0):
 garbage-first heap   total 262144K, used 83263K [0x00000000e0000000, 0x0000000100000000)
  region size 1024K, 20 young (20480K), 20 survivors (20480K)
 Metaspace       used 71030K, committed 73216K, reserved 393216K
  class space    used 9723K, committed 10816K, reserved 327680K
}

